<?xml version="1.0" encoding="UTF-8"?>
<!-- Generated by org.testng.reporters.JUnitReportReporter -->
<testsuite skipped="0" hostname="SAGA" name="com.masteringselenium.demo.BasicTest" tests="2" failures="0" timestamp="08 Aug 2018 09:32:05 GMT" time="149.542" errors="0">
  <testcase name="googleMilkExample" time="61.520" classname="com.masteringselenium.demo.BasicTest"/>
  <testcase name="googleCheeseExample" time="88.022" classname="com.masteringselenium.demo.BasicTest"/>
</testsuite> <!-- com.masteringselenium.demo.BasicTest -->
